<?xml version="1.0" encoding="UTF-8"?>
<!-- Generated by org.testng.reporters.JUnitReportReporter -->
<testsuite hostname="DESKTOP-6PM4V7G" failures="0" tests="3" name="com.sevenmartsupermarket.tests.LoginTest" time="22.910" errors="0" timestamp="2023-12-29T08:26:13 IST" skipped="0">
  <testcase classname="com.sevenmartsupermarket.tests.LoginTest" name="verifyLogin" time="3.618"/>
  <system-out/>
  <testcase classname="com.sevenmartsupermarket.tests.LoginTest" name="verify_invalidLogin_ErrorMsg" time="10.043"/>
  <system-out/>
  <testcase classname="com.sevenmartsupermarket.tests.LoginTest" name="runScreenShot" time="9.249"/>
  <system-out/>
</testsuite> <!-- com.sevenmartsupermarket.tests.LoginTest -->
