<?xml version="1.0" encoding="UTF-8"?>
<!-- Generated by org.testng.reporters.JUnitReportReporter -->
<testsuite hostname="DESKTOP-6PM4V7G" failures="0" tests="1" name="com.sevenmartsupermarket.tests.ManageDeliveryBoyTest" time="8.811" errors="0" timestamp="2024-02-17T12:50:27 IST" skipped="0">
  <testcase classname="com.sevenmartsupermarket.tests.ManageDeliveryBoyTest" name="verifySearch_ByName" time="8.811"/>
  <system-out/>
</testsuite> <!-- com.sevenmartsupermarket.tests.ManageDeliveryBoyTest -->
