<?xml version="1.0" encoding="UTF-8"?>
<!-- Generated by org.testng.reporters.JUnitReportReporter -->
<testsuite hostname="DESKTOP-6PM4V7G" failures="0" tests="1" name="com.sevenmartsupermarket.tests.ManageContentTest" time="21.518" errors="0" timestamp="2024-04-21T15:11:44 IST" skipped="0">
  <testcase classname="com.sevenmartsupermarket.tests.ManageContentTest" name="verifyAddNewNews" time="21.518"/>
  <system-out/>
</testsuite> <!-- com.sevenmartsupermarket.tests.ManageContentTest -->
