<?xml version="1.0" encoding="UTF-8"?>
<!-- Generated by org.testng.reporters.JUnitReportReporter -->
<testsuite hostname="DESKTOP-6PM4V7G" failures="0" tests="1" name="com.sevenmartsupermarket.tests.ManageOfferCodeTest" time="19.338" errors="0" timestamp="2024-01-04T19:34:18 IST" skipped="0">
  <testcase classname="com.sevenmartsupermarket.tests.ManageOfferCodeTest" name="verifyAdd_NewOfferCode" time="19.338"/>
  <system-out/>
</testsuite> <!-- com.sevenmartsupermarket.tests.ManageOfferCodeTest -->
