<?xml version="1.0" encoding="UTF-8"?>
<!-- Generated by org.testng.reporters.JUnitReportReporter -->
<testsuite hostname="DESKTOP-6PM4V7G" failures="0" tests="1" name="com.sevenmartsupermarket.tests.ManageLocationTest" time="11.983" errors="0" timestamp="2024-01-09T13:16:45 IST" skipped="0">
  <testcase classname="com.sevenmartsupermarket.tests.ManageLocationTest" name="verifyCreate_NewLocation" time="11.983"/>
  <system-out/>
</testsuite> <!-- com.sevenmartsupermarket.tests.ManageLocationTest -->
