<?xml version="1.0" encoding="UTF-8"?>
<!-- Generated by org.testng.reporters.JUnitReportReporter -->
<testsuite hostname="DESKTOP-6PM4V7G" failures="0" tests="2" name="com.sevenmartsupermarket.tests.ManageLocationTest" time="32.166" errors="0" timestamp="2024-01-01T08:04:47 IST" skipped="0">
  <testcase classname="com.sevenmartsupermarket.tests.ManageLocationTest" name="verifyClick_On_ManageLocation" time="9.981"/>
  <system-out/>
  <testcase classname="com.sevenmartsupermarket.tests.ManageLocationTest" name="verifyCreate_NewLocation" time="22.185"/>
  <system-out/>
</testsuite> <!-- com.sevenmartsupermarket.tests.ManageLocationTest -->
