<?xml version="1.0" encoding="UTF-8"?>
<!-- Generated by org.testng.reporters.JUnitReportReporter -->
<testsuite hostname="DESKTOP-6PM4V7G" failures="0" tests="1" name="com.sevenmartsupermarket.tests.ManageContentTest" time="16.993" errors="0" timestamp="2024-01-11T21:07:43 IST" skipped="0">
  <testcase classname="com.sevenmartsupermarket.tests.ManageContentTest" name="verifyAddNewNews" time="16.993"/>
  <system-out/>
</testsuite> <!-- com.sevenmartsupermarket.tests.ManageContentTest -->
