<?xml version="1.0" encoding="UTF-8"?>
<!-- Generated by org.testng.reporters.JUnitReportReporter -->
<testsuite hostname="DESKTOP-6PM4V7G" failures="0" tests="2" name="com.sevenmartsupermarket.tests.ManageContentTest" time="24.094" errors="0" timestamp="2023-12-29T08:26:13 IST" skipped="0">
  <testcase classname="com.sevenmartsupermarket.tests.ManageContentTest" name="verifyAddNewNews" time="13.092"/>
  <system-out/>
  <testcase classname="com.sevenmartsupermarket.tests.ManageContentTest" name="verifyListOutDropDown" time="11.002"/>
  <system-out/>
</testsuite> <!-- com.sevenmartsupermarket.tests.ManageContentTest -->
