<?xml version="1.0" encoding="UTF-8"?>
<!-- Generated by org.testng.reporters.JUnitReportReporter -->
<testsuite hostname="DESKTOP-6PM4V7G" failures="0" tests="1" name="com.sevenmartsupermarket.tests.ManageOrderTest" time="13.707" errors="0" timestamp="2024-01-01T20:50:14 IST" skipped="0">
  <testcase classname="com.sevenmartsupermarket.tests.ManageOrderTest" name="verify_ChangeStatus" time="13.707"/>
  <system-out/>
</testsuite> <!-- com.sevenmartsupermarket.tests.ManageOrderTest -->
