<?xml version="1.0" encoding="UTF-8"?>
<!-- Generated by org.testng.reporters.JUnitReportReporter -->
<testsuite hostname="DESKTOP-6PM4V7G" failures="0" tests="1" name="com.sevenmartsupermarket.tests.PushNotificationTest" time="14.773" errors="0" timestamp="2024-01-02T19:39:03 IST" skipped="0">
  <testcase classname="com.sevenmartsupermarket.tests.PushNotificationTest" name="verifypushNotificationAlertMessage" time="14.773"/>
  <system-out/>
</testsuite> <!-- com.sevenmartsupermarket.tests.PushNotificationTest -->
